<?xml version="1.0" encoding="UTF-8"?>
<testsuite xmlns:xsi="http://www.w3.org/2001/XMLSchema-instance" xsi:noNamespaceSchemaLocation="https://maven.apache.org/surefire/maven-surefire-plugin/xsd/surefire-test-report-3.0.xsd" version="3.0" name="com.example.demo.JavaMicroserviceApplicationTests" time="16.794" tests="1" errors="0" skipped="0" failures="0">
  <properties>
[...]
</properties>
  <testcase name="contextLoads" classname="com.example.demo.JavaMicroserviceApplicationTests" time="1.025">
    <system-out><![CDATA[20:48:49.621 [main] INFO org.springframework.test.context.support.AnnotationConfigContextLoaderUtils -- Could not detect default configuration classes for test class [com.example.demo.JavaMicroserviceApplicationTests]: JavaMicroserviceApplicationTests does not declare any static, non-private, non-final, nested classes annotated with @Configuration.
20:48:49.839 [main] INFO org.springframework.boot.test.context.SpringBootTestContextBootstrapper -- Found @SpringBootConfiguration com.example.demo.JavaMicroserviceApplication for test class com.example.demo.JavaMicroserviceApplicationTests

  .   ____          _            __ _ _
 /\\ / ___'_ __ _ _(_)_ __  __ _ \ \ \ \
( ( )\___ | '_ | '_| | '_ \/ _` | \ \ \ \
 \\/  ___)| |_)| | | | | || (_| |  ) ) ) )
  '  |____| .__|_| |_|_| |_\__, | / / / /
 =========|_|==============|___/=/_/_/_/

 :: Spring Boot ::                (v3.3.2)

2024-08-21T20:48:51.143+07:00  INFO 22336 --- [Java-Microservice] [           main] c.e.d.JavaMicroserviceApplicationTests   : Starting JavaMicroserviceApplicationTests using Java 17.0.10 with PID 22336 (started by HOME in C:\xampp\htdocs\UDPT-QLNS\QLNS-Backend\Java-Microservice)
2024-08-21T20:48:51.145+07:00  INFO 22336 --- [Java-Microservice] [           main] c.e.d.JavaMicroserviceApplicationTests   : No active profile set, falling back to 1 default profile: "default"
2024-08-21T20:48:52.859+07:00  INFO 22336 --- [Java-Microservice] [           main] .s.d.r.c.RepositoryConfigurationDelegate : Bootstrapping Spring Data JPA repositories in DEFAULT mode.
2024-08-21T20:48:53.207+07:00  INFO 22336 --- [Java-Microservice] [           main] .s.d.r.c.RepositoryConfigurationDelegate : Finished Spring Data repository scanning in 326 ms. Found 1 JPA repository interface.
2024-08-21T20:48:53.822+07:00  INFO 22336 --- [Java-Microservice] [           main] o.s.cloud.context.scope.GenericScope     : BeanFactory id=e6c69eea-060e-379a-bddc-9c86d40f50aa
2024-08-21T20:48:54.180+07:00  WARN 22336 --- [Java-Microservice] [           main] trationDelegate$BeanPostProcessorChecker : Bean 'org.springframework.cloud.client.loadbalancer.LoadBalancerAutoConfiguration$DeferringLoadBalancerInterceptorConfig' of type [org.springframework.cloud.client.loadbalancer.LoadBalancerAutoConfiguration$DeferringLoadBalancerInterceptorConfig] is not eligible for getting processed by all BeanPostProcessors (for example: not eligible for auto-proxying). The currently created BeanPostProcessor [lbRestClientPostProcessor] is declared through a non-static factory method on that class; consider declaring it as static instead.
2024-08-21T20:48:54.183+07:00  WARN 22336 --- [Java-Microservice] [           main] trationDelegate$BeanPostProcessorChecker : Bean 'deferringLoadBalancerInterceptor' of type [org.springframework.cloud.client.loadbalancer.DeferringLoadBalancerInterceptor] is not eligible for getting processed by all BeanPostProcessors (for example: not eligible for auto-proxying). Is this bean getting eagerly injected into a currently created BeanPostProcessor [lbRestClientPostProcessor]? Check the corresponding BeanPostProcessor declaration and its dependencies.
2024-08-21T20:48:54.188+07:00  WARN 22336 --- [Java-Microservice] [           main] trationDelegate$BeanPostProcessorChecker : Bean 'org.springframework.cloud.client.loadbalancer.reactive.LoadBalancerBeanPostProcessorAutoConfiguration' of type [org.springframework.cloud.client.loadbalancer.reactive.LoadBalancerBeanPostProcessorAutoConfiguration] is not eligible for getting processed by all BeanPostProcessors (for example: not eligible for auto-proxying). The currently created BeanPostProcessor [loadBalancerWebClientBuilderBeanPostProcessor] is declared through a non-static factory method on that class; consider declaring it as static instead.
2024-08-21T20:48:54.189+07:00  WARN 22336 --- [Java-Microservice] [           main] trationDelegate$BeanPostProcessorChecker : Bean 'org.springframework.cloud.client.loadbalancer.reactive.LoadBalancerBeanPostProcessorAutoConfiguration$ReactorDeferringLoadBalancerFilterConfig' of type [org.springframework.cloud.client.loadbalancer.reactive.LoadBalancerBeanPostProcessorAutoConfiguration$ReactorDeferringLoadBalancerFilterConfig] is not eligible for getting processed by all BeanPostProcessors (for example: not eligible for auto-proxying). Is this bean getting eagerly injected into a currently created BeanPostProcessor [loadBalancerWebClientBuilderBeanPostProcessor]? Check the corresponding BeanPostProcessor declaration and its dependencies.
2024-08-21T20:48:54.192+07:00  WARN 22336 --- [Java-Microservice] [           main] trationDelegate$BeanPostProcessorChecker : Bean 'reactorDeferringLoadBalancerExchangeFilterFunction' of type [org.springframework.cloud.client.loadbalancer.reactive.DeferringLoadBalancerExchangeFilterFunction] is not eligible for getting processed by all BeanPostProcessors (for example: not eligible for auto-proxying). Is this bean getting eagerly injected into a currently created BeanPostProcessor [loadBalancerWebClientBuilderBeanPostProcessor]? Check the corresponding BeanPostProcessor declaration and its dependencies.
2024-08-21T20:48:54.516+07:00  INFO 22336 --- [Java-Microservice] [           main] o.hibernate.jpa.internal.util.LogHelper  : HHH000204: Processing PersistenceUnitInfo [name: default]
2024-08-21T20:48:54.719+07:00  INFO 22336 --- [Java-Microservice] [           main] org.hibernate.Version                    : HHH000412: Hibernate ORM core version 6.5.2.Final
2024-08-21T20:48:54.821+07:00  INFO 22336 --- [Java-Microservice] [           main] o.h.c.internal.RegionFactoryInitiator    : HHH000026: Second-level cache disabled
2024-08-21T20:48:55.636+07:00  INFO 22336 --- [Java-Microservice] [           main] o.s.o.j.p.SpringPersistenceUnitInfo      : No LoadTimeWeaver setup: ignoring JPA class transformer
2024-08-21T20:48:55.709+07:00  INFO 22336 --- [Java-Microservice] [           main] com.zaxxer.hikari.HikariDataSource       : HikariPool-1 - Starting...
2024-08-21T20:48:57.109+07:00  INFO 22336 --- [Java-Microservice] [           main] com.zaxxer.hikari.pool.HikariPool        : HikariPool-1 - Added connection com.mysql.cj.jdbc.ConnectionImpl@14b48f39
2024-08-21T20:48:57.113+07:00  INFO 22336 --- [Java-Microservice] [           main] com.zaxxer.hikari.HikariDataSource       : HikariPool-1 - Start completed.
2024-08-21T20:48:57.243+07:00  WARN 22336 --- [Java-Microservice] [           main] org.hibernate.orm.deprecation            : HHH90000025: MySQL8Dialect does not need to be specified explicitly using 'hibernate.dialect' (remove the property setting and it will be selected by default)
2024-08-21T20:48:57.246+07:00  WARN 22336 --- [Java-Microservice] [           main] org.hibernate.orm.deprecation            : HHH90000026: MySQL8Dialect has been deprecated; use org.hibernate.dialect.MySQLDialect instead
2024-08-21T20:48:58.855+07:00  INFO 22336 --- [Java-Microservice] [           main] o.h.e.t.j.p.i.JtaPlatformInitiator       : HHH000489: No JTA platform available (set 'hibernate.transaction.jta.platform' to enable JTA platform integration)
2024-08-21T20:48:59.250+07:00  INFO 22336 --- [Java-Microservice] [           main] j.LocalContainerEntityManagerFactoryBean : Initialized JPA EntityManagerFactory for persistence unit 'default'
2024-08-21T20:49:01.587+07:00  INFO 22336 --- [Java-Microservice] [           main] o.s.c.g.r.RouteDefinitionRouteLocator    : Loaded RoutePredicateFactory [After]
2024-08-21T20:49:01.588+07:00  INFO 22336 --- [Java-Microservice] [           main] o.s.c.g.r.RouteDefinitionRouteLocator    : Loaded RoutePredicateFactory [Before]
2024-08-21T20:49:01.588+07:00  INFO 22336 --- [Java-Microservice] [           main] o.s.c.g.r.RouteDefinitionRouteLocator    : Loaded RoutePredicateFactory [Between]
2024-08-21T20:49:01.588+07:00  INFO 22336 --- [Java-Microservice] [           main] o.s.c.g.r.RouteDefinitionRouteLocator    : Loaded RoutePredicateFactory [Cookie]
2024-08-21T20:49:01.588+07:00  INFO 22336 --- [Java-Microservice] [           main] o.s.c.g.r.RouteDefinitionRouteLocator    : Loaded RoutePredicateFactory [Header]
2024-08-21T20:49:01.588+07:00  INFO 22336 --- [Java-Microservice] [           main] o.s.c.g.r.RouteDefinitionRouteLocator    : Loaded RoutePredicateFactory [Host]
2024-08-21T20:49:01.588+07:00  INFO 22336 --- [Java-Microservice] [           main] o.s.c.g.r.RouteDefinitionRouteLocator    : Loaded RoutePredicateFactory [Method]
2024-08-21T20:49:01.588+07:00  INFO 22336 --- [Java-Microservice] [           main] o.s.c.g.r.RouteDefinitionRouteLocator    : Loaded RoutePredicateFactory [Path]
2024-08-21T20:49:01.589+07:00  INFO 22336 --- [Java-Microservice] [           main] o.s.c.g.r.RouteDefinitionRouteLocator    : Loaded RoutePredicateFactory [Query]
2024-08-21T20:49:01.589+07:00  INFO 22336 --- [Java-Microservice] [           main] o.s.c.g.r.RouteDefinitionRouteLocator    : Loaded RoutePredicateFactory [ReadBody]
2024-08-21T20:49:01.589+07:00  INFO 22336 --- [Java-Microservice] [           main] o.s.c.g.r.RouteDefinitionRouteLocator    : Loaded RoutePredicateFactory [RemoteAddr]
2024-08-21T20:49:01.589+07:00  INFO 22336 --- [Java-Microservice] [           main] o.s.c.g.r.RouteDefinitionRouteLocator    : Loaded RoutePredicateFactory [XForwardedRemoteAddr]
2024-08-21T20:49:01.589+07:00  INFO 22336 --- [Java-Microservice] [           main] o.s.c.g.r.RouteDefinitionRouteLocator    : Loaded RoutePredicateFactory [Weight]
2024-08-21T20:49:01.589+07:00  INFO 22336 --- [Java-Microservice] [           main] o.s.c.g.r.RouteDefinitionRouteLocator    : Loaded RoutePredicateFactory [CloudFoundryRouteService]
2024-08-21T20:49:02.493+07:00  INFO 22336 --- [Java-Microservice] [           main] DiscoveryClientOptionalArgsConfiguration : Eureka HTTP Client uses RestTemplate.
2024-08-21T20:49:02.826+07:00  WARN 22336 --- [Java-Microservice] [           main] iguration$LoadBalancerCaffeineWarnLogger : Spring Cloud LoadBalancer is currently working with the default cache. While this cache implementation is useful for development and tests, it's recommended to use Caffeine cache in production.You can switch to using Caffeine cache, by adding it and org.springframework.cache.caffeine.CaffeineCacheManager to the classpath.
2024-08-21T20:49:02.925+07:00  INFO 22336 --- [Java-Microservice] [           main] o.s.c.n.eureka.InstanceInfoFactory       : Setting initial instance status as: STARTING
2024-08-21T20:49:02.991+07:00  INFO 22336 --- [Java-Microservice] [           main] com.netflix.discovery.DiscoveryClient    : Initializing Eureka in region us-east-1
2024-08-21T20:49:03.000+07:00  INFO 22336 --- [Java-Microservice] [           main] c.n.d.s.r.aws.ConfigClusterResolver      : Resolving eureka endpoints via configuration
2024-08-21T20:49:03.020+07:00  INFO 22336 --- [Java-Microservice] [           main] com.netflix.discovery.DiscoveryClient    : Disable delta property : false
2024-08-21T20:49:03.020+07:00  INFO 22336 --- [Java-Microservice] [           main] com.netflix.discovery.DiscoveryClient    : Single vip registry refresh property : null
2024-08-21T20:49:03.020+07:00  INFO 22336 --- [Java-Microservice] [           main] com.netflix.discovery.DiscoveryClient    : Force full registry fetch : false
2024-08-21T20:49:03.020+07:00  INFO 22336 --- [Java-Microservice] [           main] com.netflix.discovery.DiscoveryClient    : Application is null : false
2024-08-21T20:49:03.021+07:00  INFO 22336 --- [Java-Microservice] [           main] com.netflix.discovery.DiscoveryClient    : Registered Applications size is zero : true
2024-08-21T20:49:03.021+07:00  INFO 22336 --- [Java-Microservice] [           main] com.netflix.discovery.DiscoveryClient    : Application version is -1: true
2024-08-21T20:49:03.021+07:00  INFO 22336 --- [Java-Microservice] [           main] com.netflix.discovery.DiscoveryClient    : Getting all instance registry info from the eureka server
2024-08-21T20:49:04.668+07:00  INFO 22336 --- [Java-Microservice] [           main] com.netflix.discovery.DiscoveryClient    : The response status is 200
2024-08-21T20:49:04.670+07:00  INFO 22336 --- [Java-Microservice] [           main] com.netflix.discovery.DiscoveryClient    : Starting heartbeat executor: renew interval is: 30
2024-08-21T20:49:04.673+07:00  INFO 22336 --- [Java-Microservice] [           main] c.n.discovery.InstanceInfoReplicator     : InstanceInfoReplicator onDemand update allowed rate per min is 4
2024-08-21T20:49:04.676+07:00  INFO 22336 --- [Java-Microservice] [           main] com.netflix.discovery.DiscoveryClient    : Discovery Client initialized at timestamp 1724248144674 with initial instances count: 0
2024-08-21T20:49:04.681+07:00  INFO 22336 --- [Java-Microservice] [           main] o.s.c.n.e.s.EurekaServiceRegistry        : Registering application JAVA-MICROSERVICE with eureka with status UP
2024-08-21T20:49:04.682+07:00  INFO 22336 --- [Java-Microservice] [           main] com.netflix.discovery.DiscoveryClient    : Saw local status change event StatusChangeEvent [timestamp=1724248144682, current=UP, previous=STARTING]
2024-08-21T20:49:04.685+07:00  INFO 22336 --- [Java-Microservice] [foReplicator-%d] com.netflix.discovery.DiscoveryClient    : DiscoveryClient_JAVA-MICROSERVICE/MSI:Java-Microservice: registering service...
2024-08-21T20:49:04.728+07:00  INFO 22336 --- [Java-Microservice] [           main] o.s.a.r.c.CachingConnectionFactory       : Attempting to connect to: [localhost:5672]
2024-08-21T20:49:04.891+07:00  INFO 22336 --- [Java-Microservice] [           main] o.s.a.r.c.CachingConnectionFactory       : Created new connection: rabbitConnectionFactory#431f8830:0/SimpleConnection@770635f8 [delegate=amqp://guest@127.0.0.1:5672/, localPort=56700]
2024-08-21T20:49:05.056+07:00  INFO 22336 --- [Java-Microservice] [           main] c.e.d.JavaMicroserviceApplicationTests   : Started JavaMicroserviceApplicationTests in 14.741 seconds (process running for 16.624)
2024-08-21T20:49:05.174+07:00  INFO 22336 --- [Java-Microservice] [foReplicator-%d] com.netflix.discovery.DiscoveryClient    : DiscoveryClient_JAVA-MICROSERVICE/MSI:Java-Microservice - registration status: 204
]]></system-out>
  </testcase>
</testsuite>